INFO: [VRFC 10-2263] Analyzing Verilog file "D:/vivado_projects/RISCV_Proc/RISCV_Proc.srcs/sources_1/new/Controller.v" into library xil_defaultlib
INFO: [VRFC 10-311] analyzing module Controller
INFO: [VRFC 10-2263] Analyzing Verilog file "D:/vivado_projects/RISCV_Proc/RISCV_Proc.srcs/sources_1/new/Datapath.v" into library xil_defaultlib
INFO: [VRFC 10-311] analyzing module Datapath
INFO: [VRFC 10-2263] Analyzing Verilog file "D:/vivado_projects/RISCV_Proc/RISCV_Proc.srcs/sources_1/new/adder.v" into library xil_defaultlib
INFO: [VRFC 10-311] analyzing module adder
INFO: [VRFC 10-2263] Analyzing Verilog file "D:/vivado_projects/RISCV_Proc/RISCV_Proc.srcs/sources_1/new/alu.v" into library xil_defaultlib
INFO: [VRFC 10-311] analyzing module alu
INFO: [VRFC 10-2263] Analyzing Verilog file "D:/vivado_projects/RISCV_Proc/RISCV_Proc.srcs/sources_1/new/alu_dec.v" into library xil_defaultlib
INFO: [VRFC 10-311] analyzing module alu_dec
INFO: [VRFC 10-2263] Analyzing Verilog file "D:/vivado_projects/RISCV_Proc/RISCV_Proc.srcs/sources_1/new/data_mem.v" into library xil_defaultlib
INFO: [VRFC 10-311] analyzing module data_mem
INFO: [VRFC 10-2263] Analyzing Verilog file "D:/vivado_projects/RISCV_Proc/RISCV_Proc.srcs/sources_1/new/eqcmp.v" into library xil_defaultlib
INFO: [VRFC 10-311] analyzing module eqcmp
INFO: [VRFC 10-2263] Analyzing Verilog file "D:/vivado_projects/RISCV_Proc/RISCV_Proc.srcs/sources_1/new/flopenr.v" into library xil_defaultlib
INFO: [VRFC 10-311] analyzing module flopenr
INFO: [VRFC 10-2263] Analyzing Verilog file "D:/vivado_projects/RISCV_Proc/RISCV_Proc.srcs/sources_1/new/flopenrc.v" into library xil_defaultlib
INFO: [VRFC 10-311] analyzing module flopenrc
INFO: [VRFC 10-2263] Analyzing Verilog file "D:/vivado_projects/RISCV_Proc/RISCV_Proc.srcs/sources_1/new/flopr.v" into library xil_defaultlib
INFO: [VRFC 10-311] analyzing module flopr
INFO: [VRFC 10-2263] Analyzing Verilog file "D:/vivado_projects/RISCV_Proc/RISCV_Proc.srcs/sources_1/new/floprc.v" into library xil_defaultlib
INFO: [VRFC 10-311] analyzing module floprc
INFO: [VRFC 10-2263] Analyzing Verilog file "D:/vivado_projects/RISCV_Proc/RISCV_Proc.srcs/sources_1/new/hazard.v" into library xil_defaultlib
INFO: [VRFC 10-311] analyzing module hazard
INFO: [VRFC 10-2263] Analyzing Verilog file "D:/vivado_projects/RISCV_Proc/RISCV_Proc.srcs/sources_1/new/instr_mem.v" into library xil_defaultlib
INFO: [VRFC 10-311] analyzing module instr_mem
INFO: [VRFC 10-2263] Analyzing Verilog file "D:/vivado_projects/RISCV_Proc/RISCV_Proc.srcs/sources_1/new/main_dec.v" into library xil_defaultlib
INFO: [VRFC 10-311] analyzing module main_dec
INFO: [VRFC 10-2263] Analyzing Verilog file "D:/vivado_projects/RISCV_Proc/RISCV_Proc.srcs/sources_1/new/mips_proc.v" into library xil_defaultlib
INFO: [VRFC 10-311] analyzing module mips_proc
INFO: [VRFC 10-2263] Analyzing Verilog file "D:/vivado_projects/RISCV_Proc/RISCV_Proc.srcs/sources_1/new/mux2.v" into library xil_defaultlib
INFO: [VRFC 10-311] analyzing module mux2
INFO: [VRFC 10-2263] Analyzing Verilog file "D:/vivado_projects/RISCV_Proc/RISCV_Proc.srcs/sources_1/new/mux3.v" into library xil_defaultlib
INFO: [VRFC 10-311] analyzing module mux3
INFO: [VRFC 10-2263] Analyzing Verilog file "D:/vivado_projects/RISCV_Proc/RISCV_Proc.srcs/sources_1/new/register_file.v" into library xil_defaultlib
INFO: [VRFC 10-311] analyzing module register_file
INFO: [VRFC 10-2263] Analyzing Verilog file "D:/vivado_projects/RISCV_Proc/RISCV_Proc.srcs/sources_1/new/shiftleft2.v" into library xil_defaultlib
INFO: [VRFC 10-311] analyzing module shiftleft2
INFO: [VRFC 10-2263] Analyzing Verilog file "D:/vivado_projects/RISCV_Proc/RISCV_Proc.srcs/sources_1/new/signext.v" into library xil_defaultlib
INFO: [VRFC 10-311] analyzing module signext
INFO: [VRFC 10-2263] Analyzing Verilog file "D:/vivado_projects/RISCV_Proc/RISCV_Proc.srcs/sources_1/new/top.v" into library xil_defaultlib
INFO: [VRFC 10-311] analyzing module top
INFO: [VRFC 10-2263] Analyzing Verilog file "D:/vivado_projects/RISCV_Proc/RISCV_Proc.sim/sim_1/behav/xsim/glbl.v" into library xil_defaultlib
INFO: [VRFC 10-311] analyzing module glbl
